<?xml version="1.0" encoding="UTF-8"?>
<testng-results ignored="0" total="1" passed="1" failed="0" skipped="0">
  <reporter-output>
  </reporter-output>
  <suite started-at="2022-10-27T11:38:40 IST" name="Default suite" finished-at="2022-10-27T11:38:49 IST" duration-ms="9270">
    <groups>
    </groups>
    <test started-at="2022-10-27T11:38:40 IST" name="Default test" finished-at="2022-10-27T11:38:49 IST" duration-ms="9270">
      <class name="authentication.GetPet.GetPetAouth2Test">
        <test-method signature="getPet()[pri:0, instance:authentication.GetPet.GetPetAouth2Test@e15b7e8]" started-at="2022-10-27T11:38:40 IST" name="getPet" finished-at="2022-10-27T11:38:49 IST" duration-ms="9190" status="PASS">
          <reporter-output>
          </reporter-output>
        </test-method> <!-- getPet -->
      </class> <!-- authentication.GetPet.GetPetAouth2Test -->
    </test> <!-- Default test -->
  </suite> <!-- Default suite -->
</testng-results>
